0	1	mikroCARM.exe -MSF -DBG -pSTM32F107VC -RA -BIN -LHF -DL -SSA -O11111114 -fo72 -N"E:\git\click-boards\OBD_II_Click_\SW\example\c\ARM\STM\Click_OBD_II_STM.mcpar" -SP"C:\Users\Public\Documents\Mikroelektronika\mikroC PRO for ARM\Defs\" -SP"C:\Users\Public\Documents\Mikroelektronika\mikroC PRO for ARM\Uses\ST M3\" -SP"E:\git\click-boards\OBD_II_Click_\SW\example\c\ARM\STM\" -SP"E:\git\click-boards\OBD_II_Click_\SW\library\HAL\" -SP"E:\git\click-boards\OBD_II_Click_\SW\library\" -SP"C:\Users\Public\Documents\Mikroelektronika\mikroC PRO for ARM\Packages\mikroBUS API\Uses\" -IP"C:\Users\Public\Documents\Mikroelektronika\mikroC PRO for ARM\Uses\TI M3\" -IP"E:\git\click-boards\OBD_II_Click_\SW\example\c\ARM\STM\" -IP"E:\git\click-boards\OBD_II_Click_\SW\library\" -IP"E:\git\click-boards\OBD_II_Click_\SW\library\HAL\" -IP"C:\Users\Public\Documents\Mikroelektronika\mikroC PRO for ARM\Packages\mikroBUS API\Uses\" "Click_OBD_II_STM.c" "__obdII_driver.c" "__Lib_Math.emcl" "__Lib_MathDouble.emcl" "__Lib_Delays.emcl" "__Lib_System_105_107.emcl" "__Lib_GPIO_32F10x_Defs.emcl" "__Lib_GPIO_32F10x.emcl" "__Lib_CType.emcl" "__Lib_CString.emcl" "__Lib_CStdlib.emcl" "__Lib_Conversions.emcl" "__Lib_UART_123_45.emcl" "easymx_v7_STM32F107VC.emcl" "Click_OBD_II.pld"	 
diagnostics: 0	122	Compilation Started	STM32F107VC.c
diagnostics: 38838	123	Compiled Successfully	STM32F107VC.c
diagnostics: 0	122	Compilation Started	__Lib_Delays.c
diagnostics: 118	123	Compiled Successfully	__Lib_Delays.c
hint: 66	1164	Variable 'cycles_div_by_10' has been eliminated by optimizer	__Lib_Delays.c
hint: 87	1164	Variable 'NumberOfCyc' has been eliminated by optimizer	__Lib_Delays.c
hint: 104	1164	Variable 'NumberOfCyc' has been eliminated by optimizer	__Lib_Delays.c
diagnostics: 0	122	Compilation Started	__lib_gpio.h
diagnostics: 814	123	Compiled Successfully	__Lib_GPIO_32F10x_Defs.c
diagnostics: 0	122	Compilation Started	stdint.h
diagnostics: 349	123	Compiled Successfully	easymx_v7_STM32F107VC.c
diagnostics: 0	122	Compilation Started	stdint.h
diagnostics: 93	123	Compiled Successfully	Click_OBD_II_STM.c
diagnostics: 0	122	Compilation Started	stdint.h
diagnostics: 169	123	Compiled Successfully	__obdII_driver.c
hint: 323	1164	Variable 'tmp' has been eliminated by optimizer	__obdII_driver.c
hint: 135	1164	Variable 'tmp' has been eliminated by optimizer	__obdII_driver.c
hint: 41	1164	Variable 'tmp' has been eliminated by optimizer	__obdII_driver.c
hint: 159	1164	Variable 'tmp' has been eliminated by optimizer	__obdII_driver.c
diagnostics: 0	127	All files Compiled in 187 ms	 
hint: 0	1144	Used RX: 16 (100%)   Free RX: 0 (0%)	Used RX: 16 (100%)   Free RX: 0 (0%)
hint: 0	1144	Static RAM (bytes): 595   Dynamic RAM (bytes): 64938	Static RAM (bytes): 595   Dynamic RAM (bytes): 64938
hint: 0	1144	Used ROM (bytes): 7277 (3%)  Free ROM (bytes): 254867 (97%)	Used ROM (bytes): 7277 (3%)  Free ROM (bytes): 254867 (97%)
diagnostics: 0	125	Project Linked Successfully	Click_OBD_II_STM.mcpar
diagnostics: 0	128	Linked in 406 ms	 
diagnostics: 0	129	Project 'Click_OBD_II_STM.mcpar' completed: 1640 ms	 
diagnostics: 0	103	Finished successfully: 11 Dec 2017, 10:14:27	Click_OBD_II_STM.mcpar
